<?xml version="1.0" encoding="UTF-8"?>
<testsuite xmlns:xsi="http://www.w3.org/2001/XMLSchema-instance" xsi:noNamespaceSchemaLocation="https://maven.apache.org/surefire/maven-surefire-plugin/xsd/surefire-test-report.xsd" name="CreateCourierTest" time="7.316" tests="6" errors="1" skipped="0" failures="2">
  <properties>
    <property name="gopherProxySet" value="false"/>
    <property name="awt.toolkit" value="sun.lwawt.macosx.LWCToolkit"/>
    <property name="java.specification.version" value="11"/>
    <property name="sun.cpu.isalist" value=""/>
    <property name="sun.jnu.encoding" value="UTF-8"/>
    <property name="java.class.path" value="/Users/evgenysavelov/Documents/QA/praktikum/sprint 7/Sprint_7/target/test-classes:/Users/evgenysavelov/Documents/QA/praktikum/sprint 7/Sprint_7/target/classes:/Users/evgenysavelov/.m2/repository/io/rest-assured/rest-assured/4.4.0/rest-assured-4.4.0.jar:/Users/evgenysavelov/.m2/repository/org/codehaus/groovy/groovy/3.0.8/groovy-3.0.8.jar:/Users/evgenysavelov/.m2/repository/org/codehaus/groovy/groovy-xml/3.0.8/groovy-xml-3.0.8.jar:/Users/evgenysavelov/.m2/repository/org/apache/httpcomponents/httpclient/4.5.13/httpclient-4.5.13.jar:/Users/evgenysavelov/.m2/repository/org/apache/httpcomponents/httpcore/4.4.13/httpcore-4.4.13.jar:/Users/evgenysavelov/.m2/repository/commons-logging/commons-logging/1.2/commons-logging-1.2.jar:/Users/evgenysavelov/.m2/repository/commons-codec/commons-codec/1.11/commons-codec-1.11.jar:/Users/evgenysavelov/.m2/repository/org/apache/httpcomponents/httpmime/4.5.13/httpmime-4.5.13.jar:/Users/evgenysavelov/.m2/repository/org/hamcrest/hamcrest/2.1/hamcrest-2.1.jar:/Users/evgenysavelov/.m2/repository/org/ccil/cowan/tagsoup/tagsoup/1.2.1/tagsoup-1.2.1.jar:/Users/evgenysavelov/.m2/repository/io/rest-assured/json-path/4.4.0/json-path-4.4.0.jar:/Users/evgenysavelov/.m2/repository/org/codehaus/groovy/groovy-json/3.0.8/groovy-json-3.0.8.jar:/Users/evgenysavelov/.m2/repository/io/rest-assured/rest-assured-common/4.4.0/rest-assured-common-4.4.0.jar:/Users/evgenysavelov/.m2/repository/io/rest-assured/xml-path/4.4.0/xml-path-4.4.0.jar:/Users/evgenysavelov/.m2/repository/org/apache/commons/commons-lang3/3.11/commons-lang3-3.11.jar:/Users/evgenysavelov/.m2/repository/jakarta/xml/bind/jakarta.xml.bind-api/2.3.3/jakarta.xml.bind-api-2.3.3.jar:/Users/evgenysavelov/.m2/repository/jakarta/activation/jakarta.activation-api/1.2.2/jakarta.activation-api-1.2.2.jar:/Users/evgenysavelov/.m2/repository/com/sun/xml/bind/jaxb-impl/2.3.3/jaxb-impl-2.3.3.jar:/Users/evgenysavelov/.m2/repository/junit/junit/4.13.2/junit-4.13.2.jar:/Users/evgenysavelov/.m2/repository/org/hamcrest/hamcrest-core/1.3/hamcrest-core-1.3.jar:/Users/evgenysavelov/.m2/repository/com/google/code/gson/gson/2.8.9/gson-2.8.9.jar:/Users/evgenysavelov/.m2/repository/io/qameta/allure/allure-junit4/2.20.1/allure-junit4-2.20.1.jar:/Users/evgenysavelov/.m2/repository/io/qameta/allure/allure-java-commons/2.20.1/allure-java-commons-2.20.1.jar:/Users/evgenysavelov/.m2/repository/org/slf4j/slf4j-api/1.7.36/slf4j-api-1.7.36.jar:/Users/evgenysavelov/.m2/repository/io/qameta/allure/allure-model/2.20.1/allure-model-2.20.1.jar:/Users/evgenysavelov/.m2/repository/io/qameta/allure/allure-rest-assured/2.20.1/allure-rest-assured-2.20.1.jar:/Users/evgenysavelov/.m2/repository/io/qameta/allure/allure-attachments/2.20.1/allure-attachments-2.20.1.jar:/Users/evgenysavelov/.m2/repository/org/freemarker/freemarker/2.3.31/freemarker-2.3.31.jar:"/>
    <property name="java.vm.vendor" value="Amazon.com Inc."/>
    <property name="sun.arch.data.model" value="64"/>
    <property name="java.vendor.url" value="https://aws.amazon.com/corretto/"/>
    <property name="user.timezone" value=""/>
    <property name="java.vm.specification.version" value="11"/>
    <property name="os.name" value="Mac OS X"/>
    <property name="sun.java.launcher" value="SUN_STANDARD"/>
    <property name="user.country" value="RU"/>
    <property name="sun.boot.library.path" value="/Library/Java/JavaVirtualMachines/amazon-corretto-11.jdk/Contents/Home/lib"/>
    <property name="sun.java.command" value="/Users/evgenysavelov/Documents/QA/praktikum/sprint 7/Sprint_7/target/surefire/surefirebooter17740168347903250633.jar /Users/evgenysavelov/Documents/QA/praktikum/sprint 7/Sprint_7/target/surefire 2023-03-11T11-46-04_045-jvmRun1 surefire14309994257003086742tmp surefire_0697998032759467650tmp"/>
    <property name="http.nonProxyHosts" value="local|*.local|169.254/16|*.169.254/16"/>
    <property name="jdk.debug" value="release"/>
    <property name="surefire.test.class.path" value="/Users/evgenysavelov/Documents/QA/praktikum/sprint 7/Sprint_7/target/test-classes:/Users/evgenysavelov/Documents/QA/praktikum/sprint 7/Sprint_7/target/classes:/Users/evgenysavelov/.m2/repository/io/rest-assured/rest-assured/4.4.0/rest-assured-4.4.0.jar:/Users/evgenysavelov/.m2/repository/org/codehaus/groovy/groovy/3.0.8/groovy-3.0.8.jar:/Users/evgenysavelov/.m2/repository/org/codehaus/groovy/groovy-xml/3.0.8/groovy-xml-3.0.8.jar:/Users/evgenysavelov/.m2/repository/org/apache/httpcomponents/httpclient/4.5.13/httpclient-4.5.13.jar:/Users/evgenysavelov/.m2/repository/org/apache/httpcomponents/httpcore/4.4.13/httpcore-4.4.13.jar:/Users/evgenysavelov/.m2/repository/commons-logging/commons-logging/1.2/commons-logging-1.2.jar:/Users/evgenysavelov/.m2/repository/commons-codec/commons-codec/1.11/commons-codec-1.11.jar:/Users/evgenysavelov/.m2/repository/org/apache/httpcomponents/httpmime/4.5.13/httpmime-4.5.13.jar:/Users/evgenysavelov/.m2/repository/org/hamcrest/hamcrest/2.1/hamcrest-2.1.jar:/Users/evgenysavelov/.m2/repository/org/ccil/cowan/tagsoup/tagsoup/1.2.1/tagsoup-1.2.1.jar:/Users/evgenysavelov/.m2/repository/io/rest-assured/json-path/4.4.0/json-path-4.4.0.jar:/Users/evgenysavelov/.m2/repository/org/codehaus/groovy/groovy-json/3.0.8/groovy-json-3.0.8.jar:/Users/evgenysavelov/.m2/repository/io/rest-assured/rest-assured-common/4.4.0/rest-assured-common-4.4.0.jar:/Users/evgenysavelov/.m2/repository/io/rest-assured/xml-path/4.4.0/xml-path-4.4.0.jar:/Users/evgenysavelov/.m2/repository/org/apache/commons/commons-lang3/3.11/commons-lang3-3.11.jar:/Users/evgenysavelov/.m2/repository/jakarta/xml/bind/jakarta.xml.bind-api/2.3.3/jakarta.xml.bind-api-2.3.3.jar:/Users/evgenysavelov/.m2/repository/jakarta/activation/jakarta.activation-api/1.2.2/jakarta.activation-api-1.2.2.jar:/Users/evgenysavelov/.m2/repository/com/sun/xml/bind/jaxb-impl/2.3.3/jaxb-impl-2.3.3.jar:/Users/evgenysavelov/.m2/repository/junit/junit/4.13.2/junit-4.13.2.jar:/Users/evgenysavelov/.m2/repository/org/hamcrest/hamcrest-core/1.3/hamcrest-core-1.3.jar:/Users/evgenysavelov/.m2/repository/com/google/code/gson/gson/2.8.9/gson-2.8.9.jar:/Users/evgenysavelov/.m2/repository/io/qameta/allure/allure-junit4/2.20.1/allure-junit4-2.20.1.jar:/Users/evgenysavelov/.m2/repository/io/qameta/allure/allure-java-commons/2.20.1/allure-java-commons-2.20.1.jar:/Users/evgenysavelov/.m2/repository/org/slf4j/slf4j-api/1.7.36/slf4j-api-1.7.36.jar:/Users/evgenysavelov/.m2/repository/io/qameta/allure/allure-model/2.20.1/allure-model-2.20.1.jar:/Users/evgenysavelov/.m2/repository/io/qameta/allure/allure-rest-assured/2.20.1/allure-rest-assured-2.20.1.jar:/Users/evgenysavelov/.m2/repository/io/qameta/allure/allure-attachments/2.20.1/allure-attachments-2.20.1.jar:/Users/evgenysavelov/.m2/repository/org/freemarker/freemarker/2.3.31/freemarker-2.3.31.jar:"/>
    <property name="sun.cpu.endian" value="little"/>
    <property name="allure.results.directory" value="/Users/evgenysavelov/Documents/QA/praktikum/sprint 7/Sprint_7/target/allure-results"/>
    <property name="user.home" value="/Users/evgenysavelov"/>
    <property name="user.language" value="ru"/>
    <property name="java.specification.vendor" value="Oracle Corporation"/>
    <property name="java.version.date" value="2022-08-12"/>
    <property name="java.home" value="/Library/Java/JavaVirtualMachines/amazon-corretto-11.jdk/Contents/Home"/>
    <property name="file.separator" value="/"/>
    <property name="basedir" value="/Users/evgenysavelov/Documents/QA/praktikum/sprint 7/Sprint_7"/>
    <property name="java.vm.compressedOopsMode" value="Zero based"/>
    <property name="line.separator" value="&#10;"/>
    <property name="java.specification.name" value="Java Platform API Specification"/>
    <property name="java.vm.specification.vendor" value="Oracle Corporation"/>
    <property name="java.awt.graphicsenv" value="sun.awt.CGraphicsEnvironment"/>
    <property name="surefire.real.class.path" value="/Users/evgenysavelov/Documents/QA/praktikum/sprint 7/Sprint_7/target/surefire/surefirebooter17740168347903250633.jar"/>
    <property name="sun.management.compiler" value="HotSpot 64-Bit Tiered Compilers"/>
    <property name="ftp.nonProxyHosts" value="local|*.local|169.254/16|*.169.254/16"/>
    <property name="java.runtime.version" value="11.0.16.1+9-LTS"/>
    <property name="user.name" value="evgenysavelov"/>
    <property name="path.separator" value=":"/>
    <property name="os.version" value="13.2.1"/>
    <property name="java.runtime.name" value="OpenJDK Runtime Environment"/>
    <property name="file.encoding" value="UTF-8"/>
    <property name="java.vm.name" value="OpenJDK 64-Bit Server VM"/>
    <property name="java.vendor.version" value="Corretto-11.0.16.9.1"/>
    <property name="localRepository" value="/Users/evgenysavelov/.m2/repository"/>
    <property name="java.vendor.url.bug" value="https://github.com/corretto/corretto-11/issues/"/>
    <property name="java.io.tmpdir" value="/var/folders/qd/ldlthll97tbc8w4rb_drc7pr0000gn/T/"/>
    <property name="idea.version" value="2022.3.1"/>
    <property name="java.version" value="11.0.16.1"/>
    <property name="user.dir" value="/Users/evgenysavelov/Documents/QA/praktikum/sprint 7/Sprint_7"/>
    <property name="os.arch" value="x86_64"/>
    <property name="java.vm.specification.name" value="Java Virtual Machine Specification"/>
    <property name="java.awt.printerjob" value="sun.lwawt.macosx.CPrinterJob"/>
    <property name="sun.os.patch.level" value="unknown"/>
    <property name="java.library.path" value="/Users/evgenysavelov/Library/Java/Extensions:/Library/Java/Extensions:/Network/Library/Java/Extensions:/System/Library/Java/Extensions:/usr/lib/java:."/>
    <property name="java.vm.info" value="mixed mode"/>
    <property name="java.vendor" value="Amazon.com Inc."/>
    <property name="java.vm.version" value="11.0.16.1+9-LTS"/>
    <property name="sun.io.unicode.encoding" value="UnicodeBig"/>
    <property name="java.class.version" value="55.0"/>
    <property name="socksNonProxyHosts" value="local|*.local|169.254/16|*.169.254/16"/>
  </properties>
  <testcase name="courierCantBeWithoutPassword" classname="CreateCourierTest" time="5.657"/>
  <testcase name="courierCantBeWithoutFirstName" classname="CreateCourierTest" time="0.3">
    <failure message="expected:&lt;400&gt; but was:&lt;201&gt;" type="java.lang.AssertionError"><![CDATA[java.lang.AssertionError: expected:<400> but was:<201>
	at CreateCourierTest.courierCantBeWithoutFirstName(CreateCourierTest.java:101)
]]></failure>
    <system-out><![CDATA[HTTP/1.1 201 Created
Access-Control-Allow-Origin: *
Content-Length: 11
Content-Type: application/json; charset=utf-8
Date: Sat, 11 Mar 2023 08:46:13 GMT
ETag: W/"b-Ai2R8hgEarLmHKwesT1qcY913ys"
Set-Cookie: _yasc=sQ9P1YKvlO3WEaBmS8g6EncjqGXw1PbEKah6AkPnrL8Om5Xs3gmmzRhIk88=; domain=.praktikum-services.ru; path=/; expires=Tue, 08-Mar-2033 08:46:13 GMT; secure
X-Powered-By: Express
X-Request-Id: 1678524373127742-18332704883399582560

{
    "ok": true
}
HTTP/1.1 404 Not Found
Access-Control-Allow-Origin: *
Content-Length: 64
Content-Type: application/json; charset=utf-8
Date: Sat, 11 Mar 2023 08:46:13 GMT
ETag: W/"40-tLkp/o3TzLGA5pEmOZ4MEpfo3Lo"
Set-Cookie: _yasc=UicWIMo3jEm1xl73CRjvEknR+MXlAf2JINhghmKCHlOycqmlF7CIOwEDpCU=; domain=.praktikum-services.ru; path=/; expires=Tue, 08-Mar-2033 08:46:13 GMT; secure
X-Powered-By: Express
X-Request-Id: 1678524373333547-4353364780654075544

{
    "code": 404,
    "message": "Курьера с таким id нет."
}
]]></system-out>
  </testcase>
  <testcase name="courierCantBeWithoutLogin" classname="CreateCourierTest" time="0.287"/>
  <testcase name="courierCantBeWithTheSameLogin" classname="CreateCourierTest" time="0.232">
    <failure message="expected:&lt;...гин уже используется[]&gt; but was:&lt;...гин уже используется[. Попробуйте другой.]&gt;" type="org.junit.ComparisonFailure"><![CDATA[org.junit.ComparisonFailure: expected:<...гин уже используется[]> but was:<...гин уже используется[. Попробуйте другой.]>
	at CreateCourierTest.courierCantBeWithTheSameLogin(CreateCourierTest.java:115)
]]></failure>
    <system-out><![CDATA[HTTP/1.1 409 Conflict
Access-Control-Allow-Origin: *
Content-Length: 112
Content-Type: application/json; charset=utf-8
Date: Sat, 11 Mar 2023 08:46:13 GMT
ETag: W/"70-sLG1ZktNk+Ab3iaKUMwxkdL4FJo"
Set-Cookie: _yasc=ewRXY29WRjX2Sg9jcNWnuOSm/gxJfOXJ3PS7Gv1y5MOWADGXMDgWnTKG3rw=; domain=.praktikum-services.ru; path=/; expires=Tue, 08-Mar-2033 08:46:13 GMT; secure
X-Powered-By: Express
X-Request-Id: 1678524373726654-7612703342353161141

{
    "code": 409,
    "message": "Этот логин уже используется. Попробуйте другой."
}
HTTP/1.1 404 Not Found
Access-Control-Allow-Origin: *
Content-Length: 64
Content-Type: application/json; charset=utf-8
Date: Sat, 11 Mar 2023 08:46:13 GMT
ETag: W/"40-tLkp/o3TzLGA5pEmOZ4MEpfo3Lo"
Set-Cookie: _yasc=dvbIqHK1Y+Q4oYVkHiZs2ydG80rIqEZzuTaMVxFYl1QgTbod2oE2neEfSIud; domain=.praktikum-services.ru; path=/; expires=Tue, 08-Mar-2033 08:46:13 GMT; secure
X-Powered-By: Express
X-Request-Id: 1678524373871052-7255529662926883853

{
    "code": 404,
    "message": "Курьера с таким id нет."
}
]]></system-out>
  </testcase>
  <testcase name="courierCantBeTheSame" classname="CreateCourierTest" time="0.2">
    <error type="java.lang.NullPointerException">java.lang.NullPointerException
	at CreateCourierTest.courierCantBeTheSame(CreateCourierTest.java:61)
</error>
    <system-out><![CDATA[HTTP/1.1 201 Created
Access-Control-Allow-Origin: *
Content-Length: 11
Content-Type: application/json; charset=utf-8
Date: Sat, 11 Mar 2023 08:46:14 GMT
ETag: W/"b-Ai2R8hgEarLmHKwesT1qcY913ys"
Set-Cookie: _yasc=zwqKQb99mK7Sn+j8PHA1c5kIOUSKs1ibJNF0ZvW8F7sXVGxzoyiQo5ug+XUD; domain=.praktikum-services.ru; path=/; expires=Tue, 08-Mar-2033 08:46:13 GMT; secure
X-Powered-By: Express
X-Request-Id: 1678524373963798-16088263394302408565

{
    "ok": true
}
HTTP/1.1 404 Not Found
Access-Control-Allow-Origin: *
Content-Length: 64
Content-Type: application/json; charset=utf-8
Date: Sat, 11 Mar 2023 08:46:14 GMT
ETag: W/"40-tLkp/o3TzLGA5pEmOZ4MEpfo3Lo"
Set-Cookie: _yasc=T/BigpY/uOiCuC/JAhYcKxXKi5EXUszpLeWRhSTuKHKlhKcJotzGEo98/p8=; domain=.praktikum-services.ru; path=/; expires=Tue, 08-Mar-2033 08:46:14 GMT; secure
X-Powered-By: Express
X-Request-Id: 1678524374059767-7994739703654560782

{
    "code": 404,
    "message": "Курьера с таким id нет."
}
]]></system-out>
  </testcase>
  <testcase name="courierCanBeCreated" classname="CreateCourierTest" time="0.276"/>
</testsuite>